c:\users\admin\documents\kim\directx\dx3d_2412\dx3d_2412\x64\debug\dx3d_2412.pch
c:\users\admin\documents\kim\directx\dx3d_2412\dx3d_2412\x64\debug\vc143.pdb
c:\users\admin\documents\kim\directx\dx3d_2412\dx3d_2412\x64\debug\vc143.idb
c:\users\admin\documents\kim\directx\dx3d_2412\dx3d_2412\x64\debug\framework.obj
c:\users\admin\documents\kim\directx\dx3d_2412\dx3d_2412\x64\debug\rendertarget.obj
c:\users\admin\documents\kim\directx\dx3d_2412\dx3d_2412\x64\debug\material.obj
c:\users\admin\documents\kim\directx\dx3d_2412\dx3d_2412\x64\debug\depthstencil.obj
c:\users\admin\documents\kim\directx\dx3d_2412\dx3d_2412\x64\debug\modelmesh.obj
c:\users\admin\documents\kim\directx\dx3d_2412\dx3d_2412\x64\debug\modelinstancing.obj
c:\users\admin\documents\kim\directx\dx3d_2412\dx3d_2412\x64\debug\modelexporter.obj
c:\users\admin\documents\kim\directx\dx3d_2412\dx3d_2412\x64\debug\modelclip.obj
c:\users\admin\documents\kim\directx\dx3d_2412\dx3d_2412\x64\debug\modelanimator.obj
c:\users\admin\documents\kim\directx\dx3d_2412\dx3d_2412\x64\debug\model.obj
c:\users\admin\documents\kim\directx\dx3d_2412\dx3d_2412\x64\debug\transform.obj
c:\users\admin\documents\kim\directx\dx3d_2412\dx3d_2412\x64\debug\gamemath.obj
c:\users\admin\documents\kim\directx\dx3d_2412\dx3d_2412\x64\debug\environment.obj
c:\users\admin\documents\kim\directx\dx3d_2412\dx3d_2412\x64\debug\camera.obj
c:\users\admin\documents\kim\directx\dx3d_2412\dx3d_2412\x64\debug\device.obj
c:\users\admin\documents\kim\directx\dx3d_2412\dx3d_2412\x64\debug\vertexbuffer.obj
c:\users\admin\documents\kim\directx\dx3d_2412\dx3d_2412\x64\debug\structuredbuffer.obj
c:\users\admin\documents\kim\directx\dx3d_2412\dx3d_2412\x64\debug\rawbuffer.obj
c:\users\admin\documents\kim\directx\dx3d_2412\dx3d_2412\x64\debug\indexbuffer.obj
c:\users\admin\documents\kim\directx\dx3d_2412\dx3d_2412\x64\debug\constbuffer.obj
c:\users\admin\documents\kim\directx\dx3d_2412\dx3d_2412\x64\debug\dx3d_2412.obj
c:\users\admin\documents\kim\directx\dx3d_2412\dx3d_2412\x64\debug\astar.obj
c:\users\admin\documents\kim\directx\dx3d_2412\dx3d_2412\x64\debug\scenemanager.obj
c:\users\admin\documents\kim\directx\dx3d_2412\dx3d_2412\x64\debug\gamemanager.obj
c:\users\admin\documents\kim\directx\dx3d_2412\dx3d_2412\x64\debug\utility.obj
c:\users\admin\documents\kim\directx\dx3d_2412\dx3d_2412\x64\debug\tinyxml2.obj
c:\users\admin\documents\kim\directx\dx3d_2412\dx3d_2412\x64\debug\timer.obj
c:\users\admin\documents\kim\directx\dx3d_2412\dx3d_2412\x64\debug\observer.obj
c:\users\admin\documents\kim\directx\dx3d_2412\dx3d_2412\x64\debug\keyboard.obj
c:\users\admin\documents\kim\directx\dx3d_2412\dx3d_2412\x64\debug\font.obj
c:\users\admin\documents\kim\directx\dx3d_2412\dx3d_2412\x64\debug\binarywriter.obj
c:\users\admin\documents\kim\directx\dx3d_2412\dx3d_2412\x64\debug\binaryreader.obj
c:\users\admin\documents\kim\directx\dx3d_2412\dx3d_2412\x64\debug\samplerstate.obj
c:\users\admin\documents\kim\directx\dx3d_2412\dx3d_2412\x64\debug\rasterizerstate.obj
c:\users\admin\documents\kim\directx\dx3d_2412\dx3d_2412\x64\debug\depthstencilstate.obj
c:\users\admin\documents\kim\directx\dx3d_2412\dx3d_2412\x64\debug\blendstate.obj
c:\users\admin\documents\kim\directx\dx3d_2412\dx3d_2412\x64\debug\vertexshader.obj
c:\users\admin\documents\kim\directx\dx3d_2412\dx3d_2412\x64\debug\shader.obj
c:\users\admin\documents\kim\directx\dx3d_2412\dx3d_2412\x64\debug\pixelshader.obj
c:\users\admin\documents\kim\directx\dx3d_2412\dx3d_2412\x64\debug\computeshader.obj
c:\users\admin\documents\kim\directx\dx3d_2412\dx3d_2412\x64\debug\texture.obj
c:\users\admin\documents\kim\directx\dx3d_2412\dx3d_2412\x64\debug\quicksloticon.obj
c:\users\admin\documents\kim\directx\dx3d_2412\dx3d_2412\x64\debug\inventoryslot.obj
c:\users\admin\documents\kim\directx\dx3d_2412\dx3d_2412\x64\debug\inventory.obj
c:\users\admin\documents\kim\directx\dx3d_2412\dx3d_2412\x64\debug\blockmanager.obj
c:\users\admin\documents\kim\directx\dx3d_2412\dx3d_2412\x64\debug\block.obj
c:\users\admin\documents\kim\directx\dx3d_2412\dx3d_2412\x64\debug\terraineditor.obj
c:\users\admin\documents\kim\directx\dx3d_2412\dx3d_2412\x64\debug\terrain.obj
c:\users\admin\documents\kim\directx\dx3d_2412\dx3d_2412\x64\debug\skybox.obj
c:\users\admin\documents\kim\directx\dx3d_2412\dx3d_2412\x64\debug\spherecollider.obj
c:\users\admin\documents\kim\directx\dx3d_2412\dx3d_2412\x64\debug\rectcollider.obj
c:\users\admin\documents\kim\directx\dx3d_2412\dx3d_2412\x64\debug\collider.obj
c:\users\admin\documents\kim\directx\dx3d_2412\dx3d_2412\x64\debug\capsulecollider.obj
c:\users\admin\documents\kim\directx\dx3d_2412\dx3d_2412\x64\debug\boxcollider.obj
c:\users\admin\documents\kim\directx\dx3d_2412\dx3d_2412\x64\debug\ghost.obj
c:\users\admin\documents\kim\directx\dx3d_2412\dx3d_2412\x64\debug\sphere.obj
c:\users\admin\documents\kim\directx\dx3d_2412\dx3d_2412\x64\debug\quad.obj
c:\users\admin\documents\kim\directx\dx3d_2412\dx3d_2412\x64\debug\plane.obj
c:\users\admin\documents\kim\directx\dx3d_2412\dx3d_2412\x64\debug\cube.obj
c:\users\admin\documents\kim\directx\dx3d_2412\dx3d_2412\x64\debug\node.obj
c:\users\admin\documents\kim\directx\dx3d_2412\dx3d_2412\x64\debug\heap.obj
c:\users\admin\documents\kim\directx\dx3d_2412\dx3d_2412\x64\debug\modelanimationscene.obj
c:\users\admin\documents\kim\directx\dx3d_2412\dx3d_2412\x64\debug\minecraftscene.obj
c:\users\admin\documents\kim\directx\dx3d_2412\dx3d_2412\x64\debug\mapeditorscene.obj
c:\users\admin\documents\kim\directx\dx3d_2412\dx3d_2412\x64\debug\lightscene.obj
c:\users\admin\documents\kim\directx\dx3d_2412\dx3d_2412\x64\debug\instancingscene.obj
c:\users\admin\documents\kim\directx\dx3d_2412\dx3d_2412\x64\debug\gridscene.obj
c:\users\admin\documents\kim\directx\dx3d_2412\dx3d_2412\x64\debug\cubemapeditorscene.obj
c:\users\admin\documents\kim\directx\dx3d_2412\dx3d_2412\x64\debug\collisionscene.obj
c:\users\admin\documents\kim\directx\dx3d_2412\dx3d_2412\x64\debug\astarscene.obj
c:\users\admin\documents\kim\directx\dx3d_2412\dx3d_2412\x64\debug\progressbar.obj
c:\users\admin\documents\kim\directx\dx3d_2412\dx3d_2412\x64\debug\button.obj
c:\users\admin\documents\kim\directx\dx3d_2412\dx3d_2412\x64\debug\testmodel.obj
c:\users\admin\documents\kim\directx\dx3d_2412\dx3d_2412\x64\debug\planet.obj
c:\users\admin\documents\kim\directx\dx3d_2412\dx3d_2412\x64\debug\player.obj
c:\users\admin\documents\kim\directx\dx3d_2412\dx3d_2412\x64\debug\enemy.obj
c:\users\admin\documents\kim\directx\dx3d_2412\dx3d_2412\x64\debug\bulletmanager.obj
c:\users\admin\documents\kim\directx\dx3d_2412\dx3d_2412\x64\debug\bullet.obj
c:\users\admin\documents\kim\directx\dx3d_2412\dx3d_2412\x64\debug\mapmanager.obj
c:\users\admin\documents\kim\directx\dx3d_2412\dx3d_2412\x64\debug\cubemapeditor.obj
c:\users\admin\documents\kim\directx\dx3d_2412\dx3d_2412\x64\debug\uimanager.obj
c:\users\admin\documents\kim\directx\dx3d_2412\dx3d_2412\x64\debug\tutorialscene.obj
c:\users\admin\documents\kim\directx\dx3d_2412\dx3d_2412\x64\debug\terrainscene.obj
c:\users\admin\documents\kim\directx\dx3d_2412\dx3d_2412\x64\debug\spherescene.obj
c:\users\admin\documents\kim\directx\dx3d_2412\dx3d_2412\x64\debug\spawnscene.obj
c:\users\admin\documents\kim\directx\dx3d_2412\dx3d_2412\x64\debug\solasystemscene.obj
c:\users\admin\documents\kim\directx\dx3d_2412\dx3d_2412\x64\debug\shootingscene.obj
c:\users\admin\documents\kim\directx\dx3d_2412\dx3d_2412\x64\debug\rendertargetscene.obj
c:\users\admin\documents\kim\directx\dx3d_2412\dx3d_2412\x64\debug\pacmanscene.obj
c:\users\admin\documents\kim\directx\dx3d_2412\dx3d_2412\x64\debug\modelrenderscene.obj
c:\users\admin\documents\kim\directx\dx3d_2412\dx3d_2412\x64\debug\modelinstancingscene.obj
c:\users\admin\documents\kim\directx\dx3d_2412\dx3d_2412\x64\debug\modelexportscene.obj
c:\users\admin\documents\kim\directx\dx3d_2412\dx3d_2412\x64\debug\modelequipscene.obj
c:\users\admin\documents\kim\directx\dx3d_2412\x64\debug\collider.cso
c:\users\admin\documents\kim\directx\dx3d_2412\x64\debug\grid.cso
c:\users\admin\documents\kim\directx\dx3d_2412\x64\debug\texture.cso
c:\users\admin\documents\kim\directx\dx3d_2412\x64\debug\byteaddress.cso
c:\users\admin\documents\kim\directx\dx3d_2412\x64\debug\computepicking.cso
c:\users\admin\documents\kim\directx\dx3d_2412\x64\debug\mapeditor.cso
c:\users\admin\documents\kim\directx\dx3d_2412\x64\debug\preview.cso
c:\users\admin\documents\kim\directx\dx3d_2412\x64\debug\unitopaque.cso
c:\users\admin\documents\kim\directx\dx3d_2412\x64\debug\modelinstancing.cso
c:\users\admin\documents\kim\directx\dx3d_2412\x64\debug\unlitinstancing.cso
c:\users\admin\documents\kim\directx\dx3d_2412\x64\debug\skybox.cso
c:\users\admin\documents\kim\directx\dx3d_2412\x64\debug\terrain.cso
c:\users\admin\documents\kim\directx\dx3d_2412\x64\debug\terraineditor.cso
c:\users\admin\documents\kim\directx\dx3d_2412\x64\debug\light.cso
c:\users\admin\documents\kim\directx\dx3d_2412\x64\debug\lighttransparent.cso
c:\users\admin\documents\kim\directx\dx3d_2412\x64\debug\model.cso
c:\users\admin\documents\kim\directx\dx3d_2412\x64\debug\tutorial.cso
c:\users\admin\documents\kim\directx\dx3d_2412\x64\debug\progressbar.cso
c:\users\admin\documents\kim\directx\dx3d_2412\x64\debug\grayscale.cso
c:\users\admin\documents\kim\directx\dx3d_2412\x64\debug\sepia.cso
c:\users\admin\documents\kim\directx\dx3d_2412\x64\debug\mosaic.cso
c:\users\admin\documents\kim\directx\dx3d_2412\x64\debug\blur.cso
c:\users\admin\documents\kim\directx\dx3d_2412\x64\debug\radialblur.cso
c:\users\admin\documents\kim\directx\dx3d_2412\x64\debug\dx3d_2412.lib
c:\users\admin\documents\kim\directx\dx3d_2412\x64\debug\dx3d_2412.exp
c:\users\admin\documents\kim\directx\dx3d_2412\x64\debug\dx3d_2412.exe
c:\users\admin\documents\kim\directx\dx3d_2412\dx3d_2412\x64\debug\dx3d_2412.ilk
c:\users\admin\documents\kim\directx\dx3d_2412\x64\debug\dx3d_2412.pdb
c:\users\admin\documents\kim\directx\dx3d_2412\dx3d_2412\x64\debug\dx3d_2412.res
c:\users\admin\documents\kim\directx\dx3d_2412\dx3d_2412\x64\debug\dx3d_2412.tlog\cl.command.1.tlog
c:\users\admin\documents\kim\directx\dx3d_2412\dx3d_2412\x64\debug\dx3d_2412.tlog\cl.read.1.tlog
c:\users\admin\documents\kim\directx\dx3d_2412\dx3d_2412\x64\debug\dx3d_2412.tlog\cl.write.1.tlog
c:\users\admin\documents\kim\directx\dx3d_2412\dx3d_2412\x64\debug\dx3d_2412.tlog\fxc.command.1.tlog
c:\users\admin\documents\kim\directx\dx3d_2412\dx3d_2412\x64\debug\dx3d_2412.tlog\fxc.read.1.tlog
c:\users\admin\documents\kim\directx\dx3d_2412\dx3d_2412\x64\debug\dx3d_2412.tlog\fxc.write.1.tlog
c:\users\admin\documents\kim\directx\dx3d_2412\dx3d_2412\x64\debug\dx3d_2412.tlog\link.command.1.tlog
c:\users\admin\documents\kim\directx\dx3d_2412\dx3d_2412\x64\debug\dx3d_2412.tlog\link.read.1.tlog
c:\users\admin\documents\kim\directx\dx3d_2412\dx3d_2412\x64\debug\dx3d_2412.tlog\link.write.1.tlog
c:\users\admin\documents\kim\directx\dx3d_2412\dx3d_2412\x64\debug\dx3d_2412.tlog\link.write.2u.tlog
c:\users\admin\documents\kim\directx\dx3d_2412\dx3d_2412\x64\debug\dx3d_2412.tlog\rc.command.1.tlog
c:\users\admin\documents\kim\directx\dx3d_2412\dx3d_2412\x64\debug\dx3d_2412.tlog\rc.read.1.tlog
c:\users\admin\documents\kim\directx\dx3d_2412\dx3d_2412\x64\debug\dx3d_2412.tlog\rc.write.1.tlog
